Determining if the pthread_create exist failed with the following output:
Change Dir: /media/sf_arch_ortak/mprt/clang_build/CMakeFiles/CMakeTmp

Run Build Command:"/usr/bin/make" "cmTC_28b07/fast"
/usr/bin/make -f CMakeFiles/cmTC_28b07.dir/build.make CMakeFiles/cmTC_28b07.dir/build
make[1]: Entering directory '/media/sf_arch_ortak/mprt/clang_build/CMakeFiles/CMakeTmp'
Building C object CMakeFiles/cmTC_28b07.dir/CheckSymbolExists.c.o
/usr/bin/clang    -o CMakeFiles/cmTC_28b07.dir/CheckSymbolExists.c.o   -c /media/sf_arch_ortak/mprt/clang_build/CMakeFiles/CMakeTmp/CheckSymbolExists.c
Linking C executable cmTC_28b07
/usr/bin/cmake -E cmake_link_script CMakeFiles/cmTC_28b07.dir/link.txt --verbose=1
/usr/bin/clang      -rdynamic CMakeFiles/cmTC_28b07.dir/CheckSymbolExists.c.o  -o cmTC_28b07 
CMakeFiles/cmTC_28b07.dir/CheckSymbolExists.c.o: In function `main':
CheckSymbolExists.c:(.text+0x7): undefined reference to `pthread_create'
clang-6.0: error: linker command failed with exit code 1 (use -v to see invocation)
make[1]: *** [CMakeFiles/cmTC_28b07.dir/build.make:87: cmTC_28b07] Error 1
make[1]: Leaving directory '/media/sf_arch_ortak/mprt/clang_build/CMakeFiles/CMakeTmp'
make: *** [Makefile:126: cmTC_28b07/fast] Error 2

File /media/sf_arch_ortak/mprt/clang_build/CMakeFiles/CMakeTmp/CheckSymbolExists.c:
/* */
#include <pthread.h>

int main(int argc, char** argv)
{
  (void)argv;
#ifndef pthread_create
  return ((int*)(&pthread_create))[argc];
#else
  (void)argc;
  return 0;
#endif
}

